<?xml version="1.0" encoding="UTF-8"?>
<!-- Generated by org.testng.reporters.JUnitXMLReporter -->
<testsuite ignored="0" hostname="SREEJU" failures="4" tests="5" name="Master" time="40.619" errors="0" timestamp="2025-09-16T13:24:14 IST">
  <testcase classname="testCases.login.Verify_login" name="loginCheck" time="5.675"/>
  <testcase classname="testCases.login.Verify_loginNegative" name="BlankCredential" time="5.632">
    <failure type="java.lang.AssertionError" message="expected [false] but found [true]">
      <![CDATA[java.lang.AssertionError: expected [false] but found [true]
at testCases.login.Verify_loginNegative.BlankCredential(Verify_loginNegative.java:41)
at java.base/java.util.ArrayList.forEach(ArrayList.java:1511)
... Removed 31 stack frames]]>
    </failure>
  </testcase> <!-- BlankCredential -->
  <testcase classname="testCases.login.Verify_loginNegative" name="BlankPassword" time="5.462">
    <failure type="java.lang.AssertionError" message="expected [false] but found [true]">
      <![CDATA[java.lang.AssertionError: expected [false] but found [true]
at testCases.login.Verify_loginNegative.BlankPassword(Verify_loginNegative.java:54)
at java.base/java.util.ArrayList.forEach(ArrayList.java:1511)
... Removed 31 stack frames]]>
    </failure>
  </testcase> <!-- BlankPassword -->
  <testcase classname="testCases.login.Verify_loginNegative" name="BlankUsername" time="5.539">
    <failure type="java.lang.AssertionError" message="expected [false] but found [true]">
      <![CDATA[java.lang.AssertionError: expected [false] but found [true]
at testCases.login.Verify_loginNegative.BlankUsername(Verify_loginNegative.java:67)
at java.base/java.util.ArrayList.forEach(ArrayList.java:1511)
... Removed 31 stack frames]]>
    </failure>
  </testcase> <!-- BlankUsername -->
  <testcase classname="testCases.login.Verify_loginNegative" name="WrongCredential" time="5.45">
    <failure type="java.lang.AssertionError" message="expected [false] but found [true]">
      <![CDATA[java.lang.AssertionError: expected [false] but found [true]
at testCases.login.Verify_loginNegative.WrongCredential(Verify_loginNegative.java:27)
at java.base/java.util.ArrayList.forEach(ArrayList.java:1511)
... Removed 31 stack frames]]>
    </failure>
  </testcase> <!-- WrongCredential -->
</testsuite> <!-- Master -->
